  [4;36;1mSQL (0.2ms)[0m   [0;1mSET NAMES 'utf8'[0m
  [4;35;1mSQL (0.1ms)[0m   [0mSET SQL_AUTO_IS_NULL=0[0m
  [4;36;1mSQL (0.3ms)[0m   [0;1mSHOW TABLES[0m
  [4;35;1mSQL (136.9ms)[0m   [0mCREATE TABLE `schema_migrations` (`version` varchar(255) NOT NULL) ENGINE=InnoDB[0m
  [4;36;1mSQL (223.8ms)[0m   [0;1mCREATE UNIQUE INDEX `unique_schema_migrations` ON `schema_migrations` (`version`)[0m
  [4;35;1mSQL (0.5ms)[0m   [0mSHOW TABLES[0m
  [4;36;1mSQL (0.4ms)[0m   [0;1mSELECT version FROM schema_migrations[0m
Migrating to CreateUsers (20111213122211)
  [4;35;1mSQL (141.4ms)[0m   [0mCREATE TABLE `users` (`id` int(11) DEFAULT NULL auto_increment PRIMARY KEY, `first_name` varchar(255), `last_name` varchar(255), `username` varchar(255), `email` varchar(255), `role` varchar(255), `crypted_password` varchar(255), `password_salt` varchar(255), `persistence_token` varchar(255), `created_at` datetime, `updated_at` datetime) ENGINE=InnoDB[0m
  [4;36;1mSQL (43.9ms)[0m   [0;1mINSERT INTO schema_migrations (version) VALUES ('20111213122211')[0m
  [4;35;1mSQL (0.5ms)[0m   [0mSHOW TABLES[0m
  [4;36;1mSQL (0.3ms)[0m   [0;1mSELECT version FROM schema_migrations[0m
  [4;35;1mSQL (0.3ms)[0m   [0mSHOW TABLES[0m
  [4;36;1mSQL (1.4ms)[0m   [0;1mSHOW FIELDS FROM `users`[0m
  [4;35;1mSQL (1.0ms)[0m   [0mdescribe `users`[0m
  [4;36;1mSQL (0.4ms)[0m   [0;1mSHOW KEYS FROM `users`[0m
  [4;36;1mSQL (0.1ms)[0m   [0;1mSET NAMES 'utf8'[0m
  [4;35;1mSQL (0.1ms)[0m   [0mSET SQL_AUTO_IS_NULL=0[0m
  [4;36;1mSQL (0.3ms)[0m   [0;1mSHOW TABLES[0m
  [4;35;1mSQL (0.1ms)[0m   [0mSELECT version FROM schema_migrations[0m
Migrating to CreateUsers (20111213122211)
Migrating to CreateProjects (20111213123332)
  [4;36;1mSQL (154.1ms)[0m   [0;1mCREATE TABLE `projects` (`id` int(11) DEFAULT NULL auto_increment PRIMARY KEY, `project_name` varchar(255), `desc` varchar(255), `created_at` datetime, `updated_at` datetime) ENGINE=InnoDB[0m
  [4;35;1mSQL (54.9ms)[0m   [0mINSERT INTO schema_migrations (version) VALUES ('20111213123332')[0m
Migrating to CreateOrganizations (20111213123458)
  [4;36;1mSQL (165.6ms)[0m   [0;1mCREATE TABLE `organizations` (`id` int(11) DEFAULT NULL auto_increment PRIMARY KEY, `org_name` varchar(255), `created_at` datetime, `updated_at` datetime) ENGINE=InnoDB[0m
  [4;35;1mSQL (55.0ms)[0m   [0mINSERT INTO schema_migrations (version) VALUES ('20111213123458')[0m
  [4;36;1mSQL (4.9ms)[0m   [0;1mSHOW TABLES[0m
  [4;35;1mSQL (0.4ms)[0m   [0mSELECT version FROM schema_migrations[0m
  [4;36;1mSQL (0.4ms)[0m   [0;1mSHOW TABLES[0m
  [4;35;1mSQL (1.1ms)[0m   [0mSHOW FIELDS FROM `organizations`[0m
  [4;36;1mSQL (0.7ms)[0m   [0;1mdescribe `organizations`[0m
  [4;35;1mSQL (0.4ms)[0m   [0mSHOW KEYS FROM `organizations`[0m
  [4;36;1mSQL (1.0ms)[0m   [0;1mSHOW FIELDS FROM `projects`[0m
  [4;35;1mSQL (0.4ms)[0m   [0mdescribe `projects`[0m
  [4;36;1mSQL (0.3ms)[0m   [0;1mSHOW KEYS FROM `projects`[0m
  [4;35;1mSQL (0.5ms)[0m   [0mSHOW FIELDS FROM `users`[0m
  [4;36;1mSQL (0.5ms)[0m   [0;1mdescribe `users`[0m
  [4;35;1mSQL (0.4ms)[0m   [0mSHOW KEYS FROM `users`[0m
  [4;36;1mSQL (0.1ms)[0m   [0;1mSET NAMES 'utf8'[0m
  [4;35;1mSQL (0.1ms)[0m   [0mSET SQL_AUTO_IS_NULL=0[0m
  [4;36;1mSQL (0.5ms)[0m   [0;1mSHOW TABLES[0m
  [4;35;1mSQL (0.2ms)[0m   [0mSELECT version FROM schema_migrations[0m
Migrating to CreateUsers (20111213122211)
Migrating to CreateProjects (20111213123332)
Migrating to CreateOrganizations (20111213123458)
Migrating to CreateOrgProjects (20111213123608)
  [4;36;1mSQL (171.8ms)[0m   [0;1mCREATE TABLE `org_projects` (`id` int(11) DEFAULT NULL auto_increment PRIMARY KEY, `organization_id` int(11), `project_id` int(11), `created_at` datetime, `updated_at` datetime) ENGINE=InnoDB[0m
  [4;35;1mSQL (66.1ms)[0m   [0mINSERT INTO schema_migrations (version) VALUES ('20111213123608')[0m
Migrating to CreateUserProjects (20111213123625)
  [4;36;1mSQL (165.2ms)[0m   [0;1mCREATE TABLE `user_projects` (`id` int(11) DEFAULT NULL auto_increment PRIMARY KEY, `user_id` int(11), `project_id` int(11), `created_at` datetime, `updated_at` datetime) ENGINE=InnoDB[0m
  [4;35;1mSQL (68.1ms)[0m   [0mINSERT INTO schema_migrations (version) VALUES ('20111213123625')[0m
Migrating to CreateOrgUsers (20111213123643)
  [4;36;1mSQL (131.8ms)[0m   [0;1mCREATE TABLE `org_users` (`id` int(11) DEFAULT NULL auto_increment PRIMARY KEY, `organization_id` int(11), `user_id` int(11), `created_at` datetime, `updated_at` datetime) ENGINE=InnoDB[0m
  [4;35;1mSQL (33.1ms)[0m   [0mINSERT INTO schema_migrations (version) VALUES ('20111213123643')[0m
  [4;36;1mSQL (0.7ms)[0m   [0;1mSHOW TABLES[0m
  [4;35;1mSQL (0.4ms)[0m   [0mSELECT version FROM schema_migrations[0m
  [4;36;1mSQL (0.4ms)[0m   [0;1mSHOW TABLES[0m
  [4;35;1mSQL (1.0ms)[0m   [0mSHOW FIELDS FROM `org_projects`[0m
  [4;36;1mSQL (0.8ms)[0m   [0;1mdescribe `org_projects`[0m
  [4;35;1mSQL (0.4ms)[0m   [0mSHOW KEYS FROM `org_projects`[0m
  [4;36;1mSQL (0.9ms)[0m   [0;1mSHOW FIELDS FROM `org_users`[0m
  [4;35;1mSQL (0.8ms)[0m   [0mdescribe `org_users`[0m
  [4;36;1mSQL (0.4ms)[0m   [0;1mSHOW KEYS FROM `org_users`[0m
  [4;35;1mSQL (0.8ms)[0m   [0mSHOW FIELDS FROM `organizations`[0m
  [4;36;1mSQL (0.7ms)[0m   [0;1mdescribe `organizations`[0m
  [4;35;1mSQL (0.4ms)[0m   [0mSHOW KEYS FROM `organizations`[0m
  [4;36;1mSQL (0.8ms)[0m   [0;1mSHOW FIELDS FROM `projects`[0m
  [4;35;1mSQL (0.8ms)[0m   [0mdescribe `projects`[0m
  [4;36;1mSQL (0.4ms)[0m   [0;1mSHOW KEYS FROM `projects`[0m
  [4;35;1mSQL (1.0ms)[0m   [0mSHOW FIELDS FROM `user_projects`[0m
  [4;36;1mSQL (0.8ms)[0m   [0;1mdescribe `user_projects`[0m
  [4;35;1mSQL (0.4ms)[0m   [0mSHOW KEYS FROM `user_projects`[0m
  [4;36;1mSQL (1.0ms)[0m   [0;1mSHOW FIELDS FROM `users`[0m
  [4;35;1mSQL (0.9ms)[0m   [0mdescribe `users`[0m
  [4;36;1mSQL (0.5ms)[0m   [0;1mSHOW KEYS FROM `users`[0m
